+ NUM_THREADS=1
+ SCRIPT=benchmark_scripts/connected_components-mpi/jl/connected_components.jl
+ MATRIX_PATH=matrices/amazon0601/amazon0601_ones.mtx
+ MATRIX_SIZE=403394
+ RESULT=data/mpi_scale_nodes/amazon0601/connected_components/jl/4/1.dat
+ export OMP_NUM_THREADS=1
+ OMP_NUM_THREADS=1
+ export OPENBLAS_NUM_THREADS=1
+ OPENBLAS_NUM_THREADS=1
+ export MKL_NUM_THREADS=1
+ MKL_NUM_THREADS=1
+ export VECLIB_MAXIMUM_THREADS=1
+ VECLIB_MAXIMUM_THREADS=1
+ export NUMEXPR_NUM_THREADS=1
+ NUMEXPR_NUM_THREADS=1
+ export UCX_TLS=self,sm
+ UCX_TLS=self,sm
+ export OMPI_MCA_PML=ucx
+ OMPI_MCA_PML=ucx
+ export PMIX_MCA_gds=hash
+ PMIX_MCA_gds=hash
++ dirname /ceph/hpc/home/euretok/daphnesched2/benchmark_scripts/connected_components-mpi/jl/connected_components.jl
+ singularity exec --no-mount /cvmfs /ceph/hpc/home/euretok/daphnesched2/jupycpp.sif julia --project=/ceph/hpc/home/euretok/daphnesched2/benchmark_scripts/connected_components-mpi/jl -e 'using Pkg; Pkg.instantiate()'
WARNING: passwd file doesn't exist in container, not updating
WARNING: group file doesn't exist in container, not updating
┌ Warning: The active manifest file has dependencies that were resolved with a different julia version (1.9.4). Unexpected behavior may occur.
└ @ ~/daphnesched2/benchmark_scripts/connected_components-mpi/jl/Manifest.toml:0
++ dirname /ceph/hpc/home/euretok/daphnesched2/benchmark_scripts/connected_components-mpi/jl/connected_components.jl
+ srun --mpi=pmix_v3 --cpus-per-task=1 singularity exec /ceph/hpc/home/euretok/daphnesched2/jupycpp.sif julia --threads 1 --project=/ceph/hpc/home/euretok/daphnesched2/benchmark_scripts/connected_components-mpi/jl /ceph/hpc/home/euretok/daphnesched2/benchmark_scripts/connected_components-mpi/jl/connected_components.jl /ceph/hpc/home/euretok/daphnesched2/matrices/amazon0601/amazon0601_ones.mtx
WARNING: passwd file doesn't exist in container, not updating
WARNING: group file doesn't exist in container, not updating
WARNING: passwd file doesn't exist in container, not updating
WARNING: group file doesn't exist in container, not updating
WARNING: passwd file doesn't exist in container, not updating
WARNING: group file doesn't exist in container, not updating
WARNING: passwd file doesn't exist in container, not updating
WARNING: group file doesn't exist in container, not updating
WARNING: passwd file doesn't exist in container, not updating
WARNING: group file doesn't exist in container, not updating
WARNING: passwd file doesn't exist in container, not updating
WARNING: group file doesn't exist in container, not updating
WARNING: passwd file doesn't exist in container, not updating
WARNING: group file doesn't exist in container, not updating
WARNING: passwd file doesn't exist in container, not updating
WARNING: group file doesn't exist in container, not updating
WARNING: passwd file doesn't exist in container, not updating
WARNING: group file doesn't exist in container, not updating
WARNING: passwd file doesn't exist in container, not updating
WARNING: group file doesn't exist in container, not updating
WARNING: passwd file doesn't exist in container, not updating
WARNING: group file doesn't exist in container, not updating
WARNING: passwd file doesn't exist in container, not updating
WARNING: group file doesn't exist in container, not updating
WARNING: passwd file doesn't exist in container, not updating
WARNING: group file doesn't exist in container, not updating
WARNING: passwd file doesn't exist in container, not updating
WARNING: group file doesn't exist in container, not updating
WARNING: passwd file doesn't exist in container, not updating
WARNING: group file doesn't exist in container, not updating
WARNING: passwd file doesn't exist in container, not updating
WARNING: group file doesn't exist in container, not updating
WARNING: passwd file doesn't exist in container, not updating
WARNING: group file doesn't exist in container, not updating
WARNING: passwd file doesn't exist in container, not updating
WARNING: group file doesn't exist in container, not updating
WARNING: passwd file doesn't exist in container, not updating
WARNING: group file doesn't exist in container, not updating
WARNING: passwd file doesn't exist in container, not updating
WARNING: group file doesn't exist in container, not updating
WARNING: passwd file doesn't exist in container, not updating
WARNING: group file doesn't exist in container, not updating
WARNING: passwd file doesn't exist in container, not updating
WARNING: group file doesn't exist in container, not updating
WARNING: passwd file doesn't exist in container, not updating
WARNING: group file doesn't exist in container, not updating
WARNING: passwd file doesn't exist in container, not updating
WARNING: group file doesn't exist in container, not updating
WARNING: passwd file doesn't exist in container, not updating
WARNING: group file doesn't exist in container, not updating
WARNING: passwd file doesn't exist in container, not updating
WARNING: group file doesn't exist in container, not updating
WARNING: passwd file doesn't exist in container, not updating
WARNING: group file doesn't exist in container, not updating
WARNING: passwd file doesn't exist in container, not updating
WARNING: group file doesn't exist in container, not updating
WARNING: passwd file doesn't exist in container, not updating
WARNING: group file doesn't exist in container, not updating
WARNING: passwd file doesn't exist in container, not updating
WARNING: group file doesn't exist in container, not updating
WARNING: passwd file doesn't exist in container, not updating
WARNING: group file doesn't exist in container, not updating
WARNING: passwd file doesn't exist in container, not updating
WARNING: group file doesn't exist in container, not updating
WARNING: passwd file doesn't exist in container, not updating
WARNING: group file doesn't exist in container, not updating
WARNING: passwd file doesn't exist in container, not updating
WARNING: group file doesn't exist in container, not updating
WARNING: passwd file doesn't exist in container, not updating
WARNING: group file doesn't exist in container, not updating
WARNING: passwd file doesn't exist in container, not updating
WARNING: group file doesn't exist in container, not updating
WARNING: passwd file doesn't exist in container, not updating
WARNING: group file doesn't exist in container, not updating
WARNING: passwd file doesn't exist in container, not updating
WARNING: group file doesn't exist in container, not updating
WARNING: passwd file doesn't exist in container, not updating
WARNING: group file doesn't exist in container, not updating
WARNING: passwd file doesn't exist in container, not updating
WARNING: group file doesn't exist in container, not updating
WARNING: passwd file doesn't exist in container, not updating
WARNING: group file doesn't exist in container, not updating
WARNING: passwd file doesn't exist in container, not updating
WARNING: group file doesn't exist in container, not updating
WARNING: passwd file doesn't exist in container, not updating
WARNING: group file doesn't exist in container, not updating
WARNING: passwd file doesn't exist in container, not updating
WARNING: group file doesn't exist in container, not updating
WARNING: passwd file doesn't exist in container, not updating
WARNING: group file doesn't exist in container, not updating
WARNING: passwd file doesn't exist in container, not updating
WARNING: group file doesn't exist in container, not updating
WARNING: passwd file doesn't exist in container, not updating
WARNING: group file doesn't exist in container, not updating
WARNING: passwd file doesn't exist in container, not updating
WARNING: group file doesn't exist in container, not updating
WARNING: passwd file doesn't exist in container, not updating
WARNING: group file doesn't exist in container, not updating
WARNING: passwd file doesn't exist in container, not updating
WARNING: group file doesn't exist in container, not updating
WARNING: passwd file doesn't exist in container, not updating
WARNING: group file doesn't exist in container, not updating
WARNING: passwd file doesn't exist in container, not updating
WARNING: group file doesn't exist in container, not updating
WARNING: passwd file doesn't exist in container, not updating
WARNING: group file doesn't exist in container, not updating
WARNING: passwd file doesn't exist in container, not updating
WARNING: group file doesn't exist in container, not updating
WARNING: passwd file doesn't exist in container, not updating
WARNING: group file doesn't exist in container, not updating
WARNING: passwd file doesn't exist in container, not updating
WARNING: group file doesn't exist in container, not updating
WARNING: passwd file doesn't exist in container, not updating
WARNING: group file doesn't exist in container, not updating
WARNING: passwd file doesn't exist in container, not updating
WARNING: group file doesn't exist in container, not updating
WARNING: passwd file doesn't exist in container, not updating
WARNING: group file doesn't exist in container, not updating
WARNING: passwd file doesn't exist in container, not updating
WARNING: group file doesn't exist in container, not updating
WARNING: passwd file doesn't exist in container, not updating
WARNING: group file doesn't exist in container, not updating
WARNING: passwd file doesn't exist in container, not updating
WARNING: group file doesn't exist in container, not updating
WARNING: passwd file doesn't exist in container, not updating
WARNING: group file doesn't exist in container, not updating
WARNING: passwd file doesn't exist in container, not updating
WARNING: group file doesn't exist in container, not updating
WARNING: passwd file doesn't exist in container, not updating
WARNING: group file doesn't exist in container, not updating
WARNING: passwd file doesn't exist in container, not updating
WARNING: group file doesn't exist in container, not updating
WARNING: passwd file doesn't exist in container, not updating
WARNING: group file doesn't exist in container, not updating
WARNING: passwd file doesn't exist in container, not updating
WARNING: group file doesn't exist in container, not updating
WARNING: passwd file doesn't exist in container, not updating
WARNING: group file doesn't exist in container, not updating
WARNING: passwd file doesn't exist in container, not updating
WARNING: group file doesn't exist in container, not updating
WARNING: passwd file doesn't exist in container, not updating
WARNING: group file doesn't exist in container, not updating
WARNING: passwd file doesn't exist in container, not updating
WARNING: group file doesn't exist in container, not updating
WARNING: passwd file doesn't exist in container, not updating
WARNING: group file doesn't exist in container, not updating
WARNING: passwd file doesn't exist in container, not updating
WARNING: group file doesn't exist in container, not updating
WARNING: passwd file doesn't exist in container, not updating
WARNING: group file doesn't exist in container, not updating
WARNING: passwd file doesn't exist in container, not updating
WARNING: group file doesn't exist in container, not updating
WARNING: passwd file doesn't exist in container, not updating
WARNING: group file doesn't exist in container, not updating
WARNING: passwd file doesn't exist in container, not updating
WARNING: group file doesn't exist in container, not updating
WARNING: passwd file doesn't exist in container, not updating
WARNING: group file doesn't exist in container, not updating
WARNING: passwd file doesn't exist in container, not updating
WARNING: group file doesn't exist in container, not updating
WARNING: passwd file doesn't exist in container, not updating
WARNING: group file doesn't exist in container, not updating
WARNING: passwd file doesn't exist in container, not updating
WARNING: group file doesn't exist in container, not updating
WARNING: passwd file doesn't exist in container, not updating
WARNING: group file doesn't exist in container, not updating
WARNING: passwd file doesn't exist in container, not updating
WARNING: group file doesn't exist in container, not updating
WARNING: passwd file doesn't exist in container, not updating
WARNING: group file doesn't exist in container, not updating
WARNING: passwd file doesn't exist in container, not updating
WARNING: group file doesn't exist in container, not updating
WARNING: passwd file doesn't exist in container, not updating
WARNING: group file doesn't exist in container, not updating
WARNING: passwd file doesn't exist in container, not updating
WARNING: group file doesn't exist in container, not updating
WARNING: passwd file doesn't exist in container, not updating
WARNING: group file doesn't exist in container, not updating
WARNING: passwd file doesn't exist in container, not updating
WARNING: group file doesn't exist in container, not updating
WARNING: passwd file doesn't exist in container, not updating
WARNING: group file doesn't exist in container, not updating
WARNING: passwd file doesn't exist in container, not updating
WARNING: group file doesn't exist in container, not updating
WARNING: passwd file doesn't exist in container, not updating
WARNING: group file doesn't exist in container, not updating
WARNING: passwd file doesn't exist in container, not updating
WARNING: group file doesn't exist in container, not updating
WARNING: passwd file doesn't exist in container, not updating
WARNING: group file doesn't exist in container, not updating
WARNING: passwd file doesn't exist in container, not updating
WARNING: group file doesn't exist in container, not updating
WARNING: passwd file doesn't exist in container, not updating
WARNING: group file doesn't exist in container, not updating
WARNING: passwd file doesn't exist in container, not updating
WARNING: group file doesn't exist in container, not updating
WARNING: passwd file doesn't exist in container, not updating
WARNING: group file doesn't exist in container, not updating
WARNING: passwd file doesn't exist in container, not updating
WARNING: group file doesn't exist in container, not updating
WARNING: passwd file doesn't exist in container, not updating
WARNING: group file doesn't exist in container, not updating
WARNING: passwd file doesn't exist in container, not updating
WARNING: group file doesn't exist in container, not updating
WARNING: passwd file doesn't exist in container, not updating
WARNING: group file doesn't exist in container, not updating
WARNING: passwd file doesn't exist in container, not updating
WARNING: group file doesn't exist in container, not updating
WARNING: passwd file doesn't exist in container, not updating
WARNING: group file doesn't exist in container, not updating
WARNING: passwd file doesn't exist in container, not updating
WARNING: group file doesn't exist in container, not updating
WARNING: passwd file doesn't exist in container, not updating
WARNING: group file doesn't exist in container, not updating
WARNING: passwd file doesn't exist in container, not updating
WARNING: group file doesn't exist in container, not updating
WARNING: passwd file doesn't exist in container, not updating
WARNING: group file doesn't exist in container, not updating
WARNING: passwd file doesn't exist in container, not updating
WARNING: group file doesn't exist in container, not updating
WARNING: passwd file doesn't exist in container, not updating
WARNING: group file doesn't exist in container, not updating
WARNING: passwd file doesn't exist in container, not updating
WARNING: group file doesn't exist in container, not updating
WARNING: passwd file doesn't exist in container, not updating
WARNING: group file doesn't exist in container, not updating
WARNING: passwd file doesn't exist in container, not updating
WARNING: group file doesn't exist in container, not updating
WARNING: passwd file doesn't exist in container, not updating
WARNING: group file doesn't exist in container, not updating
WARNING: passwd file doesn't exist in container, not updating
WARNING: group file doesn't exist in container, not updating
WARNING: passwd file doesn't exist in container, not updating
WARNING: group file doesn't exist in container, not updating
WARNING: passwd file doesn't exist in container, not updating
WARNING: group file doesn't exist in container, not updating
WARNING: passwd file doesn't exist in container, not updating
WARNING: group file doesn't exist in container, not updating
WARNING: passwd file doesn't exist in container, not updating
WARNING: group file doesn't exist in container, not updating
WARNING: passwd file doesn't exist in container, not updating
WARNING: group file doesn't exist in container, not updating
WARNING: passwd file doesn't exist in container, not updating
WARNING: group file doesn't exist in container, not updating
WARNING: passwd file doesn't exist in container, not updating
WARNING: group file doesn't exist in container, not updating
WARNING: passwd file doesn't exist in container, not updating
WARNING: group file doesn't exist in container, not updating
WARNING: passwd file doesn't exist in container, not updating
WARNING: group file doesn't exist in container, not updating
WARNING: passwd file doesn't exist in container, not updating
WARNING: group file doesn't exist in container, not updating
WARNING: passwd file doesn't exist in container, not updating
WARNING: group file doesn't exist in container, not updating
WARNING: passwd file doesn't exist in container, not updating
WARNING: group file doesn't exist in container, not updating
slurmstepd: error: *** JOB 2396231 ON cn0171 CANCELLED AT 2025-08-14T13:37:03 DUE TO TIME LIMIT ***
srun: Job step aborted: Waiting up to 32 seconds for job step to finish.

[1477155] signal 15: Terminated
in expression starting at /ceph/hpc/home/euretok/daphnesched2/benchmark_scripts/connected_components-mpi/jl/connected_components.jl:113

[3022375] signal 15: Terminated
in expression starting at /ceph/hpc/home/euretok/daphnesched2/benchmark_scripts/connected_components-mpi/jl/connected_components.jl:113

[1477156] signal 15: Terminated
in expression starting at /ceph/hpc/home/euretok/daphnesched2/benchmark_scripts/connected_components-mpi/jl/connected_components.jl:113

[3022410] signal 15: Terminated
in expression starting at /ceph/hpc/home/euretok/daphnesched2/benchmark_scripts/connected_components-mpi/jl/connected_components.jl:113

[1477158] signal 15: Terminated
in expression starting at /ceph/hpc/home/euretok/daphnesched2/benchmark_scripts/connected_components-mpi/jl/connected_components.jl:113

[3022376] signal 15: Terminated
in expression starting at /ceph/hpc/home/euretok/daphnesched2/benchmark_scripts/connected_components-mpi/jl/connected_components.jl:113
jl_alloc_genericmemory at /cache/build/tester-amdci5-12/julialang/julia-release-1-dot-11/src/genericmemory.c:95

[3022404] signal 15: Terminated
in expression starting at /ceph/hpc/home/euretok/daphnesched2/benchmark_scripts/connected_components-mpi/jl/connected_components.jl:113
obviously_unequal at /cache/build/tester-amdci5-12/julialang/julia-release-1-dot-11/src/subtype.c:437

[3214903] signal 15: Terminated
in expression starting at /ceph/hpc/home/euretok/daphnesched2/benchmark_scripts/connected_components-mpi/jl/connected_components.jl:113

[3022386] signal 15: Terminated
in expression starting at /ceph/hpc/home/euretok/daphnesched2/benchmark_scripts/connected_components-mpi/jl/connected_components.jl:113
inst_datatype_inner at /cache/build/tester-amdci5-12/julialang/julia-release-1-dot-11/src/jltypes.c:2000

[3214901] signal 15: Terminated
in expression starting at /ceph/hpc/home/euretok/daphnesched2/benchmark_scripts/connected_components-mpi/jl/connected_components.jl:113

[3022388] signal 15: Terminated
in expression starting at /ceph/hpc/home/euretok/daphnesched2/benchmark_scripts/connected_components-mpi/jl/connected_components.jl:113
jl_apply_tuple_type_v_ at /cache/build/tester-amdci5-12/julialang/julia-release-1-dot-11/src/jltypes.c:2299 [inlined]
ijl_apply_tuple_type_v at /cache/build/tester-amdci5-12/julialang/julia-release-1-dot-11/src/jltypes.c:2309

[3214909] signal 15: Terminated
in expression starting at /ceph/hpc/home/euretok/daphnesched2/benchmark_scripts/connected_components-mpi/jl/connected_components.jl:113

[3022378] signal 15: Terminated
in expression starting at /ceph/hpc/home/euretok/daphnesched2/benchmark_scripts/connected_components-mpi/jl/connected_components.jl:113
jl_apply at /cache/build/tester-amdci5-12/julialang/julia-release-1-dot-11/src/julia.h:2157 [inlined]
do_apply at /cache/build/tester-amdci5-12/julialang/julia-release-1-dot-11/src/builtins.c:831

[3022409] signal 15: Terminated
in expression starting at /ceph/hpc/home/euretok/daphnesched2/benchmark_scripts/connected_components-mpi/jl/connected_components.jl:113
srun: error: cn0173: tasks 48-59,63: Terminated
GenericMemory at ./boot.jl:516 [inlined]
Array at ./boot.jl:578 [inlined]
Array at ./boot.jl:591 [inlined]
fill at ./array.jl:537 [inlined]
fill at ./array.jl:535 [inlined]
construct_ssa! at ./compiler/ssair/slot2ssa.jl:865

[3022377] signal 15: Terminated
in expression starting at /ceph/hpc/home/euretok/daphnesched2/benchmark_scripts/connected_components-mpi/jl/connected_components.jl:113
== at ./promotion.jl:639 [inlined]
issingletontype at ./reflection.jl:885 [inlined]
has_nontrivial_extended_info at ./compiler/abstractlattice.jl:200 [inlined]
has_nontrivial_extended_info at ./compiler/abstractlattice.jl:194 [inlined]
has_nontrivial_extended_info at ./compiler/abstractlattice.jl:189 [inlined]
has_nontrivial_extended_info at ./compiler/abstractlattice.jl:189 [inlined]
const_prop_argument_heuristic at ./compiler/abstractinterpretation.jl:1070

[3022379] signal 15: Terminated
in expression starting at /ceph/hpc/home/euretok/daphnesched2/benchmark_scripts/connected_components-mpi/jl/connected_components.jl:113
slot2reg at ./compiler/optimize.jl:1219 [inlined]
run_passes_ipo_safe at ./compiler/optimize.jl:994
maybe_get_const_prop_profitable at ./compiler/abstractinterpretation.jl:996

[3214906] signal 15: Terminated
in expression starting at /ceph/hpc/home/euretok/daphnesched2/benchmark_scripts/connected_components-mpi/jl/connected_components.jl:113
argtypes_to_type at ./compiler/typeutils.jl:51

[3214895] signal 15: Terminated
in expression starting at /ceph/hpc/home/euretok/daphnesched2/benchmark_scripts/connected_components-mpi/jl/connected_components.jl:113
run_passes_ipo_safe at ./compiler/optimize.jl:1009 [inlined]
optimize at ./compiler/optimize.jl:983

[3214899] signal 15: Terminated
in expression starting at /ceph/hpc/home/euretok/daphnesched2/benchmark_scripts/connected_components-mpi/jl/connected_components.jl:113
abstract_call_method_with_const_args at ./compiler/abstractinterpretation.jl:839

[3214907] signal 15: Terminated
in expression starting at /ceph/hpc/home/euretok/daphnesched2/benchmark_scripts/connected_components-mpi/jl/connected_components.jl:113
abstract_call_known at ./compiler/abstractinterpretation.jl:2199

[3214908] signal 15: Terminated
in expression starting at /ceph/hpc/home/euretok/daphnesched2/benchmark_scripts/connected_components-mpi/jl/connected_components.jl:113
abstract_call_method_with_const_args at ./compiler/abstractinterpretation.jl:823
srun: error: cn0183: tasks 102,104,110,125: Terminated

[3214923] signal 15: Terminated
in expression starting at /ceph/hpc/home/euretok/daphnesched2/benchmark_scripts/connected_components-mpi/jl/connected_components.jl:113
abstract_call at ./compiler/abstractinterpretation.jl:2282

[3214931] signal 15: Terminated
in expression starting at /ceph/hpc/home/euretok/daphnesched2/benchmark_scripts/connected_components-mpi/jl/connected_components.jl:113
abstract_call_gf_by_type at ./compiler/abstractinterpretation.jl:111

[3214924] signal 15: Terminated
in expression starting at /ceph/hpc/home/euretok/daphnesched2/benchmark_scripts/connected_components-mpi/jl/connected_components.jl:113
abstract_call at ./compiler/abstractinterpretation.jl:2275

[3214922] signal 15: Terminated
in expression starting at /ceph/hpc/home/euretok/daphnesched2/benchmark_scripts/connected_components-mpi/jl/connected_components.jl:113
abstract_call_known at ./compiler/abstractinterpretation.jl:2200

[3214902] signal 15: Terminated
in expression starting at /ceph/hpc/home/euretok/daphnesched2/benchmark_scripts/connected_components-mpi/jl/connected_components.jl:113
abstract_call at ./compiler/abstractinterpretation.jl:2423

[3214894] signal 15: Terminated
in expression starting at /ceph/hpc/home/euretok/daphnesched2/benchmark_scripts/connected_components-mpi/jl/connected_components.jl:113
abstract_call at ./compiler/abstractinterpretation.jl:2282
jl_alloc_genericmemory at /cache/build/tester-amdci5-12/julialang/julia-release-1-dot-11/src/genericmemory.c:95
abstract_eval_call at ./compiler/abstractinterpretation.jl:2438
jl_f_isa at /cache/build/tester-amdci5-12/julialang/julia-release-1-dot-11/src/builtins.c:561
abstract_call at ./compiler/abstractinterpretation.jl:2275
ml_matches at /cache/build/tester-amdci5-12/julialang/julia-release-1-dot-11/src/gf.c:3658
ml_matches at /cache/build/tester-amdci5-12/julialang/julia-release-1-dot-11/src/gf.c:3639 [inlined]
abstract_eval_statement_expr at ./compiler/abstractinterpretation.jl:2454
ijl_matching_methods at /cache/build/tester-amdci5-12/julialang/julia-release-1-dot-11/src/gf.c:2336
abstract_call at ./compiler/abstractinterpretation.jl:2423
jl_intref_acquire at /cache/build/tester-amdci5-12/julialang/julia-release-1-dot-11/src/smallintset.c:54 [inlined]
jl_smallintset_lookup at /cache/build/tester-amdci5-12/julialang/julia-release-1-dot-11/src/smallintset.c:132
abstract_eval_statement at ./compiler/abstractinterpretation.jl:2752
jl_alloc_genericmemory at /cache/build/tester-amdci5-12/julialang/julia-release-1-dot-11/src/genericmemory.c:95
abstract_eval_call at ./compiler/abstractinterpretation.jl:2438
jl_get_module_binding at /cache/build/tester-amdci5-12/julialang/julia-release-1-dot-11/src/module.c:722
ijl_module_globalref at /cache/build/tester-amdci5-12/julialang/julia-release-1-dot-11/src/module.c:470
jfptr_optimize_42714.1 at /nix/store/aqzp6r1jnx2nxq7lplkhns0yxk8m7n8d-julia-bin-1.11.5/lib/julia/sys.so (unknown line)
new_array at /cache/build/tester-amdci5-12/julialang/julia-release-1-dot-11/src/array.c:91 [inlined]
ijl_alloc_array_1d at /cache/build/tester-amdci5-12/julialang/julia-release-1-dot-11/src/array.c:156
abstract_eval_basic_statement at ./compiler/abstractinterpretation.jl:3044
ijl_uncompress_ir at /cache/build/tester-amdci5-12/julialang/julia-release-1-dot-11/src/ircode.c:965
abstract_eval_statement_expr at ./compiler/abstractinterpretation.jl:2454
jl_decode_value at /cache/build/tester-amdci5-12/julialang/julia-release-1-dot-11/src/ircode.c:763
finish_nocycle at ./compiler/typeinfer.jl:265
jl_decode_value_expr at /cache/build/tester-amdci5-12/julialang/julia-release-1-dot-11/src/ircode.c:587 [inlined]
jl_decode_value at /cache/build/tester-amdci5-12/julialang/julia-release-1-dot-11/src/ircode.c:716
typeinf_local at ./compiler/abstractinterpretation.jl:3331
jl_decode_value_memory at /cache/build/tester-amdci5-12/julialang/julia-release-1-dot-11/src/ircode.c:505
abstract_eval_statement at ./compiler/abstractinterpretation.jl:2752
_ZN4llvm6detail19AnalysisResultModelINS_13LazyCallGraph3SCCENS_27PassInstrumentationAnalysisENS_19PassInstrumentationENS_17PreservedAnalysesENS_15AnalysisManagerIS3_JRS2_EE11InvalidatorELb1EED0Ev at /nix/store/aqzp6r1jnx2nxq7lplkhns0yxk8m7n8d-julia-bin-1.11.5/lib/julia/libLLVM-16jl.so (unknown line)
_typeinf at ./compiler/typeinfer.jl:249
jl_decode_value_array at /cache/build/tester-amdci5-12/julialang/julia-release-1-dot-11/src/ircode.c:555
typeinf_nocycle at ./compiler/abstractinterpretation.jl:3413
unknown function (ip: (nil))
Allocations: 5594663 (Pool: 5594406; Big: 257); GC: 6
abstract_eval_basic_statement at ./compiler/abstractinterpretation.jl:3068
jl_decode_value at /cache/build/tester-amdci5-12/julialang/julia-release-1-dot-11/src/ircode.c:709
ijl_uncompress_ir at /cache/build/tester-amdci5-12/julialang/julia-release-1-dot-11/src/ircode.c:954
typeinf at ./compiler/typeinfer.jl:215
jl_f__svec_ref at /cache/build/tester-amdci5-12/julialang/julia-release-1-dot-11/src/builtins.c:2049
_typeinf at ./compiler/typeinfer.jl:244
jl_datatype_layout at /cache/build/tester-amdci5-12/julialang/julia-release-1-dot-11/src/julia.h:1338 [inlined]
ijl_get_nth_field at /cache/build/tester-amdci5-12/julialang/julia-release-1-dot-11/src/datatype.c:1756
typeinf_local at ./compiler/abstractinterpretation.jl:3331
ijl_get_nth_field_checked at /cache/build/tester-amdci5-12/julialang/julia-release-1-dot-11/src/datatype.c:1803
typeinf at ./compiler/typeinfer.jl:215
jl_f_getfield at /cache/build/tester-amdci5-12/julialang/julia-release-1-dot-11/src/builtins.c:1040
typeinf_nocycle at ./compiler/abstractinterpretation.jl:3413
jl_alloc_genericmemory at /cache/build/tester-amdci5-12/julialang/julia-release-1-dot-11/src/genericmemory.c:95
typeinf_edge at ./compiler/typeinfer.jl:923
typeinf_edge at ./compiler/typeinfer.jl:923
_typeinf at ./compiler/typeinfer.jl:244
abstract_call_method at ./compiler/abstractinterpretation.jl:660
abstract_call_method at ./compiler/abstractinterpretation.jl:660
typeinf at ./compiler/typeinfer.jl:215
abstract_call_gf_by_type at ./compiler/abstractinterpretation.jl:102
abstract_call_gf_by_type at ./compiler/abstractinterpretation.jl:102
typeinf_edge at ./compiler/typeinfer.jl:923
abstract_call_known at ./compiler/abstractinterpretation.jl:2200
abstract_call_known at ./compiler/abstractinterpretation.jl:2200
slurmstepd: error: *** STEP 2396231.0 ON cn0171 CANCELLED AT 2025-08-14T13:37:04 DUE TO TIME LIMIT ***
abstract_call_method at ./compiler/abstractinterpretation.jl:660
abstract_call at ./compiler/abstractinterpretation.jl:2282
abstract_call at ./compiler/abstractinterpretation.jl:2282
abstract_call_gf_by_type at ./compiler/abstractinterpretation.jl:102
abstract_apply at ./compiler/abstractinterpretation.jl:1690
abstract_call at ./compiler/abstractinterpretation.jl:2275
abstract_call_known at ./compiler/abstractinterpretation.jl:2200
abstract_call_known at ./compiler/abstractinterpretation.jl:2102
abstract_call at ./compiler/abstractinterpretation.jl:2423
abstract_call at ./compiler/abstractinterpretation.jl:2282
abstract_call at ./compiler/abstractinterpretation.jl:2282
abstract_eval_call at ./compiler/abstractinterpretation.jl:2438
abstract_call at ./compiler/abstractinterpretation.jl:2275
abstract_apply at ./compiler/abstractinterpretation.jl:1690
abstract_eval_statement_expr at ./compiler/abstractinterpretation.jl:2454
abstract_call at ./compiler/abstractinterpretation.jl:2423
abstract_call_known at ./compiler/abstractinterpretation.jl:2102
abstract_eval_statement at ./compiler/abstractinterpretation.jl:2752
abstract_eval_call at ./compiler/abstractinterpretation.jl:2438
abstract_call at ./compiler/abstractinterpretation.jl:2282
abstract_eval_basic_statement at ./compiler/abstractinterpretation.jl:3068
abstract_call at ./compiler/abstractinterpretation.jl:2275
abstract_eval_statement_expr at ./compiler/abstractinterpretation.jl:2454
typeinf_local at ./compiler/abstractinterpretation.jl:3331
abstract_call at ./compiler/abstractinterpretation.jl:2423
abstract_eval_statement at ./compiler/abstractinterpretation.jl:2752
typeinf_nocycle at ./compiler/abstractinterpretation.jl:3413
abstract_eval_call at ./compiler/abstractinterpretation.jl:2438
abstract_eval_basic_statement at ./compiler/abstractinterpretation.jl:3068
_typeinf at ./compiler/typeinfer.jl:244
abstract_eval_statement_expr at ./compiler/abstractinterpretation.jl:2454
typeinf_local at ./compiler/abstractinterpretation.jl:3331
typeinf at ./compiler/typeinfer.jl:215
abstract_eval_statement at ./compiler/abstractinterpretation.jl:2752
typeinf_nocycle at ./compiler/abstractinterpretation.jl:3413
typeinf_edge at ./compiler/typeinfer.jl:923
abstract_eval_basic_statement at ./compiler/abstractinterpretation.jl:3068
_typeinf at ./compiler/typeinfer.jl:244
abstract_call_method at ./compiler/abstractinterpretation.jl:660
typeinf_local at ./compiler/abstractinterpretation.jl:3331
typeinf at ./compiler/typeinfer.jl:215
abstract_call_gf_by_type at ./compiler/abstractinterpretation.jl:102
typeinf_nocycle at ./compiler/abstractinterpretation.jl:3413
typeinf_edge at ./compiler/typeinfer.jl:923
abstract_call_known at ./compiler/abstractinterpretation.jl:2200
_typeinf at ./compiler/typeinfer.jl:244
abstract_call_method at ./compiler/abstractinterpretation.jl:660
abstract_call at ./compiler/abstractinterpretation.jl:2282
typeinf at ./compiler/typeinfer.jl:215
abstract_call_gf_by_type at ./compiler/abstractinterpretation.jl:102
abstract_call at ./compiler/abstractinterpretation.jl:2275
typeinf_edge at ./compiler/typeinfer.jl:923
abstract_call_known at ./compiler/abstractinterpretation.jl:2200
abstract_call at ./compiler/abstractinterpretation.jl:2423
abstract_call_method at ./compiler/abstractinterpretation.jl:660
abstract_call at ./compiler/abstractinterpretation.jl:2282
abstract_eval_call at ./compiler/abstractinterpretation.jl:2438
abstract_call_gf_by_type at ./compiler/abstractinterpretation.jl:102
abstract_apply at ./compiler/abstractinterpretation.jl:1690
abstract_eval_statement_expr at ./compiler/abstractinterpretation.jl:2454
abstract_call_known at ./compiler/abstractinterpretation.jl:2200
abstract_call_known at ./compiler/abstractinterpretation.jl:2102
abstract_eval_statement at ./compiler/abstractinterpretation.jl:2752
abstract_call at ./compiler/abstractinterpretation.jl:2282
abstract_call at ./compiler/abstractinterpretation.jl:2282

[3022405] signal 15: Terminated
in expression starting at /ceph/hpc/home/euretok/daphnesched2/benchmark_scripts/connected_components-mpi/jl/connected_components.jl:113
