+ NUM_THREADS=1
+ SCRIPT=benchmark_scripts/connected_components-mpi/jl/connected_components.jl
+ MATRIX_PATH=matrices/amazon0601/amazon0601_ones.mtx
+ MATRIX_SIZE=403394
+ RESULT=data/mpi_scale_nodes/amazon0601/connected_components/jl/2/1.dat
+ export OMP_NUM_THREADS=1
+ OMP_NUM_THREADS=1
+ export OPENBLAS_NUM_THREADS=1
+ OPENBLAS_NUM_THREADS=1
+ export MKL_NUM_THREADS=1
+ MKL_NUM_THREADS=1
+ export VECLIB_MAXIMUM_THREADS=1
+ VECLIB_MAXIMUM_THREADS=1
+ export NUMEXPR_NUM_THREADS=1
+ NUMEXPR_NUM_THREADS=1
+ export UCX_TLS=self,sm
+ UCX_TLS=self,sm
+ export OMPI_MCA_PML=ucx
+ OMPI_MCA_PML=ucx
+ export PMIX_MCA_gds=hash
+ PMIX_MCA_gds=hash
++ dirname /ceph/hpc/home/euretok/daphnesched2/benchmark_scripts/connected_components-mpi/jl/connected_components.jl
+ singularity exec --no-mount /cvmfs /ceph/hpc/home/euretok/daphnesched2/jupycpp.sif julia --project=/ceph/hpc/home/euretok/daphnesched2/benchmark_scripts/connected_components-mpi/jl -e 'using Pkg; Pkg.instantiate()'
WARNING: passwd file doesn't exist in container, not updating
WARNING: group file doesn't exist in container, not updating
┌ Warning: The active manifest file has dependencies that were resolved with a different julia version (1.9.4). Unexpected behavior may occur.
└ @ ~/daphnesched2/benchmark_scripts/connected_components-mpi/jl/Manifest.toml:0
++ dirname /ceph/hpc/home/euretok/daphnesched2/benchmark_scripts/connected_components-mpi/jl/connected_components.jl
+ srun --mpi=pmix_v3 --cpus-per-task=1 singularity exec /ceph/hpc/home/euretok/daphnesched2/jupycpp.sif julia --threads 1 --project=/ceph/hpc/home/euretok/daphnesched2/benchmark_scripts/connected_components-mpi/jl /ceph/hpc/home/euretok/daphnesched2/benchmark_scripts/connected_components-mpi/jl/connected_components.jl /ceph/hpc/home/euretok/daphnesched2/matrices/amazon0601/amazon0601_ones.mtx
WARNING: passwd file doesn't exist in container, not updating
WARNING: group file doesn't exist in container, not updating
WARNING: passwd file doesn't exist in container, not updating
WARNING: group file doesn't exist in container, not updating
WARNING: passwd file doesn't exist in container, not updating
WARNING: group file doesn't exist in container, not updating
WARNING: passwd file doesn't exist in container, not updating
WARNING: group file doesn't exist in container, not updating
WARNING: passwd file doesn't exist in container, not updating
WARNING: group file doesn't exist in container, not updating
WARNING: passwd file doesn't exist in container, not updating
WARNING: group file doesn't exist in container, not updating
WARNING: passwd file doesn't exist in container, not updating
WARNING: group file doesn't exist in container, not updating
WARNING: passwd file doesn't exist in container, not updating
WARNING: group file doesn't exist in container, not updating
WARNING: passwd file doesn't exist in container, not updating
WARNING: group file doesn't exist in container, not updating
WARNING: passwd file doesn't exist in container, not updating
WARNING: group file doesn't exist in container, not updating
WARNING: passwd file doesn't exist in container, not updating
WARNING: group file doesn't exist in container, not updating
WARNING: passwd file doesn't exist in container, not updating
WARNING: group file doesn't exist in container, not updating
WARNING: passwd file doesn't exist in container, not updating
WARNING: group file doesn't exist in container, not updating
WARNING: passwd file doesn't exist in container, not updating
WARNING: group file doesn't exist in container, not updating
WARNING: passwd file doesn't exist in container, not updating
WARNING: group file doesn't exist in container, not updating
WARNING: passwd file doesn't exist in container, not updating
WARNING: group file doesn't exist in container, not updating
WARNING: passwd file doesn't exist in container, not updating
WARNING: group file doesn't exist in container, not updating
WARNING: passwd file doesn't exist in container, not updating
WARNING: group file doesn't exist in container, not updating
WARNING: passwd file doesn't exist in container, not updating
WARNING: group file doesn't exist in container, not updating
WARNING: passwd file doesn't exist in container, not updating
WARNING: group file doesn't exist in container, not updating
WARNING: passwd file doesn't exist in container, not updating
WARNING: group file doesn't exist in container, not updating
WARNING: passwd file doesn't exist in container, not updating
WARNING: group file doesn't exist in container, not updating
WARNING: passwd file doesn't exist in container, not updating
WARNING: group file doesn't exist in container, not updating
WARNING: passwd file doesn't exist in container, not updating
WARNING: group file doesn't exist in container, not updating
WARNING: passwd file doesn't exist in container, not updating
WARNING: group file doesn't exist in container, not updating
WARNING: passwd file doesn't exist in container, not updating
WARNING: group file doesn't exist in container, not updating
WARNING: passwd file doesn't exist in container, not updating
WARNING: group file doesn't exist in container, not updating
WARNING: passwd file doesn't exist in container, not updating
WARNING: group file doesn't exist in container, not updating
WARNING: passwd file doesn't exist in container, not updating
WARNING: group file doesn't exist in container, not updating
WARNING: passwd file doesn't exist in container, not updating
WARNING: group file doesn't exist in container, not updating
WARNING: passwd file doesn't exist in container, not updating
WARNING: group file doesn't exist in container, not updating
WARNING: passwd file doesn't exist in container, not updating
WARNING: group file doesn't exist in container, not updating
WARNING: passwd file doesn't exist in container, not updating
WARNING: group file doesn't exist in container, not updating
WARNING: passwd file doesn't exist in container, not updating
WARNING: group file doesn't exist in container, not updating
WARNING: passwd file doesn't exist in container, not updating
WARNING: group file doesn't exist in container, not updating
WARNING: passwd file doesn't exist in container, not updating
WARNING: group file doesn't exist in container, not updating
WARNING: passwd file doesn't exist in container, not updating
WARNING: group file doesn't exist in container, not updating
WARNING: passwd file doesn't exist in container, not updating
WARNING: group file doesn't exist in container, not updating
WARNING: passwd file doesn't exist in container, not updating
WARNING: group file doesn't exist in container, not updating
WARNING: passwd file doesn't exist in container, not updating
WARNING: group file doesn't exist in container, not updating
WARNING: passwd file doesn't exist in container, not updating
WARNING: group file doesn't exist in container, not updating
WARNING: passwd file doesn't exist in container, not updating
WARNING: group file doesn't exist in container, not updating
WARNING: passwd file doesn't exist in container, not updating
WARNING: group file doesn't exist in container, not updating
WARNING: passwd file doesn't exist in container, not updating
WARNING: group file doesn't exist in container, not updating
WARNING: passwd file doesn't exist in container, not updating
WARNING: group file doesn't exist in container, not updating
WARNING: passwd file doesn't exist in container, not updating
WARNING: group file doesn't exist in container, not updating
WARNING: passwd file doesn't exist in container, not updating
WARNING: group file doesn't exist in container, not updating
WARNING: passwd file doesn't exist in container, not updating
WARNING: group file doesn't exist in container, not updating
WARNING: passwd file doesn't exist in container, not updating
WARNING: group file doesn't exist in container, not updating
WARNING: passwd file doesn't exist in container, not updating
WARNING: group file doesn't exist in container, not updating
WARNING: passwd file doesn't exist in container, not updating
WARNING: group file doesn't exist in container, not updating
WARNING: passwd file doesn't exist in container, not updating
WARNING: group file doesn't exist in container, not updating
WARNING: passwd file doesn't exist in container, not updating
WARNING: group file doesn't exist in container, not updating
WARNING: passwd file doesn't exist in container, not updating
WARNING: group file doesn't exist in container, not updating
WARNING: passwd file doesn't exist in container, not updating
WARNING: group file doesn't exist in container, not updating
WARNING: passwd file doesn't exist in container, not updating
WARNING: group file doesn't exist in container, not updating
WARNING: passwd file doesn't exist in container, not updating
WARNING: group file doesn't exist in container, not updating
WARNING: passwd file doesn't exist in container, not updating
WARNING: group file doesn't exist in container, not updating
WARNING: passwd file doesn't exist in container, not updating
WARNING: group file doesn't exist in container, not updating
WARNING: passwd file doesn't exist in container, not updating
WARNING: group file doesn't exist in container, not updating
WARNING: passwd file doesn't exist in container, not updating
WARNING: group file doesn't exist in container, not updating
WARNING: passwd file doesn't exist in container, not updating
WARNING: group file doesn't exist in container, not updating
WARNING: passwd file doesn't exist in container, not updating
WARNING: group file doesn't exist in container, not updating
WARNING: passwd file doesn't exist in container, not updating
WARNING: group file doesn't exist in container, not updating
slurmstepd: error: *** STEP 2396233.0 ON cn0173 CANCELLED AT 2025-08-14T13:37:03 DUE TO TIME LIMIT ***
slurmstepd: error: *** JOB 2396233 ON cn0173 CANCELLED AT 2025-08-14T13:37:03 DUE TO TIME LIMIT ***
srun: Job step aborted: Waiting up to 32 seconds for job step to finish.

[3020235] signal 15: Terminated
in expression starting at /ceph/hpc/home/euretok/daphnesched2/benchmark_scripts/connected_components-mpi/jl/connected_components.jl:113

[3020472] signal 15: Terminated
in expression starting at /ceph/hpc/home/euretok/daphnesched2/benchmark_scripts/connected_components-mpi/jl/connected_components.jl:113

[3020237] signal 15: Terminated
in expression starting at /ceph/hpc/home/euretok/daphnesched2/benchmark_scripts/connected_components-mpi/jl/connected_components.jl:113

[3020255] signal 15: Terminated
in expression starting at /ceph/hpc/home/euretok/daphnesched2/benchmark_scripts/connected_components-mpi/jl/connected_components.jl:113

[3020232] signal 15: Terminated
in expression starting at /ceph/hpc/home/euretok/daphnesched2/benchmark_scripts/connected_components-mpi/jl/connected_components.jl:113

[3020226] signal 15: Terminated
in expression starting at /ceph/hpc/home/euretok/daphnesched2/benchmark_scripts/connected_components-mpi/jl/connected_components.jl:113

[3020253] signal 15: Terminated
in expression starting at /ceph/hpc/home/euretok/daphnesched2/benchmark_scripts/connected_components-mpi/jl/connected_components.jl:113

[3020272] signal 15: Terminated
in expression starting at /ceph/hpc/home/euretok/daphnesched2/benchmark_scripts/connected_components-mpi/jl/connected_components.jl:113

[3020233] signal 15: Terminated
in expression starting at /ceph/hpc/home/euretok/daphnesched2/benchmark_scripts/connected_components-mpi/jl/connected_components.jl:113

[3020471] signal 15: Terminated
in expression starting at /ceph/hpc/home/euretok/daphnesched2/benchmark_scripts/connected_components-mpi/jl/connected_components.jl:113

[3020234] signal 15: Terminated
in expression starting at /ceph/hpc/home/euretok/daphnesched2/benchmark_scripts/connected_components-mpi/jl/connected_components.jl:113
jl_datatype_layout at /cache/build/tester-amdci5-12/julialang/julia-release-1-dot-11/src/julia.h:1338 [inlined]
srun: error: cn0174: tasks 32,34,37,43,47: Terminated
ijl_get_nth_field at /cache/build/tester-amdci5-12/julialang/julia-release-1-dot-11/src/datatype.c:1756
ijl_get_nth_field_checked at /cache/build/tester-amdci5-12/julialang/julia-release-1-dot-11/src/datatype.c:1803
jl_datatype_layout at /cache/build/tester-amdci5-12/julialang/julia-release-1-dot-11/src/julia.h:1338 [inlined]
ijl_get_nth_field at /cache/build/tester-amdci5-12/julialang/julia-release-1-dot-11/src/datatype.c:1756
ijl_get_nth_field_checked at /cache/build/tester-amdci5-12/julialang/julia-release-1-dot-11/src/datatype.c:1803

[3020262] signal 15: Terminated
in expression starting at /ceph/hpc/home/euretok/daphnesched2/benchmark_scripts/connected_components-mpi/jl/connected_components.jl:113
